2025-12-11 16:43:18,264 WARNING database DDL Query made to DB:
create table `tabLoan Disbursement Charge` (
			name varchar(140) primary key,
			creation datetime(6),
			modified datetime(6),
			modified_by varchar(140),
			owner varchar(140),
			docstatus tinyint not null default '0',
			idx int not null default '0',
			`charge` varchar(140),
`amount` decimal(21,9) NOT NULL DEFAULT 0.0,
`account` varchar(140),
parent varchar(140),
parentfield varchar(140),
parenttype varchar(140),
index parent(parent))
			ENGINE=InnoDB
			ROW_FORMAT=DYNAMIC
			CHARACTER SET=utf8mb4
			COLLATE=utf8mb4_unicode_ci
2025-12-11 16:43:18,355 WARNING database DDL Query made to DB:
create table `tabLoan Adjustment` (
			name varchar(140) primary key,
			creation datetime(6),
			modified datetime(6),
			modified_by varchar(140),
			owner varchar(140),
			docstatus tinyint not null default '0',
			idx int not null default '0',
			`loan` varchar(140),
`loan_disbursement` varchar(140),
`foreclosure_type` varchar(140),
`posting_date` datetime(6),
`payment_account` varchar(140),
`amended_from` varchar(140),
`_user_tags` text,
`_comments` text,
`_assign` text,
`_liked_by` text,
index `loan`(`loan`),
index `amended_from`(`amended_from`),
index creation(creation),
index modified(modified))
			ENGINE=InnoDB
			ROW_FORMAT=DYNAMIC
			CHARACTER SET=utf8mb4
			COLLATE=utf8mb4_unicode_ci
2025-12-11 16:43:18,463 WARNING database DDL Query made to DB:
create table `tabLoan Demand` (
			name varchar(140) primary key,
			creation datetime(6),
			modified datetime(6),
			modified_by varchar(140),
			owner varchar(140),
			docstatus tinyint not null default '0',
			idx int not null default '0',
			`applicant_type` varchar(140),
`applicant` varchar(140),
`loan_repayment` varchar(140),
`company` varchar(140),
`demand_date` datetime(6),
`posting_date` datetime(6),
`loan` varchar(140),
`loan_repayment_schedule` varchar(140),
`loan_disbursement` varchar(140),
`disbursement_date` date,
`repayment_schedule_detail` varchar(140),
`sales_invoice` varchar(140),
`loan_product` varchar(140),
`is_term_loan` tinyint(4) NOT NULL DEFAULT 0,
`demand_type` varchar(140),
`demand_subtype` varchar(140),
`invoice_date` date,
`demand_amount` decimal(21,9) NOT NULL DEFAULT 0.0,
`paid_amount` decimal(21,9) NOT NULL DEFAULT 0.0,
`waived_amount` decimal(21,9) NOT NULL DEFAULT 0.0,
`outstanding_amount` decimal(21,9) NOT NULL DEFAULT 0.0,
`cost_center` varchar(140),
`amended_from` varchar(140),
`process_loan_demand` varchar(140),
`loan_partner` varchar(140),
`partner_share_allocated` decimal(21,9) NOT NULL DEFAULT 0.0,
`partner_share` decimal(21,9) NOT NULL DEFAULT 0.0,
`_user_tags` text,
`_comments` text,
`_assign` text,
`_liked_by` text,
index `demand_date`(`demand_date`),
index `loan`(`loan`),
index `loan_repayment_schedule`(`loan_repayment_schedule`),
index `loan_disbursement`(`loan_disbursement`),
index `repayment_schedule_detail`(`repayment_schedule_detail`),
index `sales_invoice`(`sales_invoice`),
index creation(creation),
index modified(modified))
			ENGINE=InnoDB
			ROW_FORMAT=DYNAMIC
			CHARACTER SET=utf8mb4
			COLLATE=utf8mb4_unicode_ci
2025-12-11 16:43:18,538 WARNING database DDL Query made to DB:
ALTER TABLE `tabLoan Demand`
				ADD INDEX IF NOT EXISTS `loan_docstatus_demand_subtype_demand_date_index`(loan, docstatus, demand_subtype, demand_date)
2025-12-11 16:43:18,585 WARNING database DDL Query made to DB:
create table `tabLoan Charge Reference` (
			name varchar(140) primary key,
			creation datetime(6),
			modified datetime(6),
			modified_by varchar(140),
			owner varchar(140),
			docstatus tinyint not null default '0',
			idx int not null default '0',
			`sales_invoice` varchar(140),
`charge` varchar(140),
`pending_charge_amount` decimal(21,9) NOT NULL DEFAULT 0.0,
`allocated_amount` decimal(21,9) NOT NULL DEFAULT 0.0,
index `sales_invoice`(`sales_invoice`),
parent varchar(140),
parentfield varchar(140),
parenttype varchar(140),
index parent(parent))
			ENGINE=InnoDB
			ROW_FORMAT=DYNAMIC
			CHARACTER SET=utf8mb4
			COLLATE=utf8mb4_unicode_ci
2025-12-11 16:43:18,651 WARNING database DDL Query made to DB:
create table `tabLoan Restructure Limit Log` (
			name varchar(140) primary key,
			creation datetime(6),
			modified datetime(6),
			modified_by varchar(140),
			owner varchar(140),
			docstatus tinyint not null default '0',
			idx int not null default '0',
			`branch` varchar(140),
`date` date,
`company` varchar(140),
`principal_outstanding` decimal(21,9) NOT NULL DEFAULT 0.0,
`limit_percent` decimal(21,9) NOT NULL DEFAULT 0.0,
`limit_amount` decimal(21,9) NOT NULL DEFAULT 0.0,
`utilized_limit` decimal(21,9) NOT NULL DEFAULT 0.0,
`in_process_limit` decimal(21,9) NOT NULL DEFAULT 0.0,
`available_limit` decimal(21,9) NOT NULL DEFAULT 0.0,
`delinquent_principal_outstanding` decimal(21,9) NOT NULL DEFAULT 0.0,
`delinquent_limit_percent` decimal(21,9) NOT NULL DEFAULT 0.0,
`delinquent_limit_amount` decimal(21,9) NOT NULL DEFAULT 0.0,
`delinquent_utilized_limit` decimal(21,9) NOT NULL DEFAULT 0.0,
`delinquent_in_process_limit` decimal(21,9) NOT NULL DEFAULT 0.0,
`delinquent_available_limit` decimal(21,9) NOT NULL DEFAULT 0.0,
`_user_tags` text,
`_comments` text,
`_assign` text,
`_liked_by` text,
index creation(creation),
index modified(modified))
			ENGINE=InnoDB
			ROW_FORMAT=DYNAMIC
			CHARACTER SET=utf8mb4
			COLLATE=utf8mb4_unicode_ci
2025-12-11 16:43:18,713 WARNING database DDL Query made to DB:
create table `tabLoan Classification Range` (
			name varchar(140) primary key,
			creation datetime(6),
			modified datetime(6),
			modified_by varchar(140),
			owner varchar(140),
			docstatus tinyint not null default '0',
			idx int not null default '0',
			`classification_code` varchar(140),
`classification_name` varchar(140),
`min_dpd_range` int(11) NOT NULL DEFAULT 0,
`max_dpd_range` int(11) NOT NULL DEFAULT 0,
`is_written_off` tinyint(4) NOT NULL DEFAULT 0,
parent varchar(140),
parentfield varchar(140),
parenttype varchar(140),
index parent(parent))
			ENGINE=InnoDB
			ROW_FORMAT=DYNAMIC
			CHARACTER SET=utf8mb4
			COLLATE=utf8mb4_unicode_ci
2025-12-11 16:43:18,774 WARNING database DDL Query made to DB:
create table `tabLoan Charges` (
			name varchar(140) primary key,
			creation datetime(6),
			modified datetime(6),
			modified_by varchar(140),
			owner varchar(140),
			docstatus tinyint not null default '0',
			idx int not null default '0',
			`charge_type` varchar(140),
`charge_based_on` varchar(140),
`percentage` decimal(21,9) NOT NULL DEFAULT 0.0,
`amount` decimal(21,9) NOT NULL DEFAULT 0.0,
`income_account` varchar(140),
`waiver_account` varchar(140),
`suspense_account` varchar(140),
`receivable_account` varchar(140),
`write_off_account` varchar(140),
parent varchar(140),
parentfield varchar(140),
parenttype varchar(140),
index parent(parent))
			ENGINE=InnoDB
			ROW_FORMAT=DYNAMIC
			CHARACTER SET=utf8mb4
			COLLATE=utf8mb4_unicode_ci
2025-12-11 16:43:18,840 WARNING database DDL Query made to DB:
create table `tabLoan Limit Change Log` (
			name varchar(140) primary key,
			creation datetime(6),
			modified datetime(6),
			modified_by varchar(140),
			owner varchar(140),
			docstatus tinyint not null default '0',
			idx int not null default '0',
			`loan` varchar(140),
`event` varchar(140),
`change_date` date,
`value_type` varchar(140),
`value_change` decimal(21,9) NOT NULL DEFAULT 0.0,
`_user_tags` text,
`_comments` text,
`_assign` text,
`_liked_by` text,
index `loan`(`loan`),
index creation(creation),
index modified(modified))
			ENGINE=InnoDB
			ROW_FORMAT=DYNAMIC
			CHARACTER SET=utf8mb4
			COLLATE=utf8mb4_unicode_ci
2025-12-11 16:43:18,921 WARNING database DDL Query made to DB:
create table `tabLoan Repayment Repost` (
			name varchar(140) primary key,
			creation datetime(6),
			modified datetime(6),
			modified_by varchar(140),
			owner varchar(140),
			docstatus tinyint not null default '0',
			idx int not null default '0',
			`loan` varchar(140),
`loan_disbursement` varchar(140),
`clear_demand_allocation_before_repost` tinyint(4) NOT NULL DEFAULT 0,
`delete_gl_entries` tinyint(4) NOT NULL DEFAULT 0,
`repost_date` date,
`cancel_future_accruals_and_demands` tinyint(4) NOT NULL DEFAULT 0,
`ignore_on_cancel_amount_update` tinyint(4) NOT NULL DEFAULT 0,
`cancel_future_emi_demands` tinyint(4) NOT NULL DEFAULT 0,
`amended_from` varchar(140),
`_user_tags` text,
`_comments` text,
`_assign` text,
`_liked_by` text,
index `loan_disbursement`(`loan_disbursement`),
index `amended_from`(`amended_from`),
index creation(creation))
			ENGINE=InnoDB
			ROW_FORMAT=DYNAMIC
			CHARACTER SET=utf8mb4
			COLLATE=utf8mb4_unicode_ci
2025-12-11 16:43:19,010 WARNING database DDL Query made to DB:
create table `tabLoan Security Shortfall` (
			name varchar(140) primary key,
			creation datetime(6),
			modified datetime(6),
			modified_by varchar(140),
			owner varchar(140),
			docstatus tinyint not null default '0',
			idx int not null default '0',
			`loan` varchar(140),
`applicant_type` varchar(140),
`applicant` varchar(140),
`status` varchar(140) DEFAULT 'Pending',
`shortfall_time` datetime(6),
`loan_amount` decimal(21,9) NOT NULL DEFAULT 0.0,
`shortfall_amount` decimal(21,9) NOT NULL DEFAULT 0.0,
`security_value` decimal(21,9) NOT NULL DEFAULT 0.0,
`shortfall_percentage` decimal(21,9) NOT NULL DEFAULT 0.0,
`process_loan_security_shortfall` varchar(140),
`_user_tags` text,
`_comments` text,
`_assign` text,
`_liked_by` text,
index creation(creation),
index modified(modified))
			ENGINE=InnoDB
			ROW_FORMAT=DYNAMIC
			CHARACTER SET=utf8mb4
			COLLATE=utf8mb4_unicode_ci
2025-12-11 16:43:19,108 WARNING database DDL Query made to DB:
create table `tabProcess Loan Classification` (
			name varchar(140) primary key,
			creation datetime(6),
			modified datetime(6),
			modified_by varchar(140),
			owner varchar(140),
			docstatus tinyint not null default '0',
			idx int not null default '0',
			`posting_date` date,
`loan_product` varchar(140),
`loan` varchar(140),
`loan_disbursement` varchar(140),
`payment_reference` varchar(140),
`is_backdated` tinyint(4) NOT NULL DEFAULT 0,
`force_update_dpd_in_loan` tinyint(4) NOT NULL DEFAULT 0,
`amended_from` varchar(140),
`_user_tags` text,
`_comments` text,
`_assign` text,
`_liked_by` text,
index creation(creation),
index modified(modified))
			ENGINE=InnoDB
			ROW_FORMAT=DYNAMIC
			CHARACTER SET=utf8mb4
			COLLATE=utf8mb4_unicode_ci
2025-12-11 16:43:19,194 WARNING database DDL Query made to DB:
create table `tabLoan Security Release` (
			name varchar(140) primary key,
			creation datetime(6),
			modified datetime(6),
			modified_by varchar(140),
			owner varchar(140),
			docstatus tinyint not null default '0',
			idx int not null default '0',
			`loan` varchar(140),
`applicant_type` varchar(140),
`applicant` varchar(140),
`company` varchar(140),
`unpledge_time` datetime(6),
`status` varchar(140) DEFAULT 'Requested',
`reference_no` varchar(140),
`description` text,
`amended_from` varchar(140),
`_user_tags` text,
`_comments` text,
`_assign` text,
`_liked_by` text,
index `loan`(`loan`),
index creation(creation),
index modified(modified))
			ENGINE=InnoDB
			ROW_FORMAT=DYNAMIC
			CHARACTER SET=utf8mb4
			COLLATE=utf8mb4_unicode_ci
2025-12-11 16:43:19,242 WARNING database DDL Query made to DB:
create table `tabLoan Repayment Repost Detail` (
			name varchar(140) primary key,
			creation datetime(6),
			modified datetime(6),
			modified_by varchar(140),
			owner varchar(140),
			docstatus tinyint not null default '0',
			idx int not null default '0',
			`loan_repayment` varchar(140),
`posting_date` date,
parent varchar(140),
parentfield varchar(140),
parenttype varchar(140),
index parent(parent))
			ENGINE=InnoDB
			ROW_FORMAT=DYNAMIC
			CHARACTER SET=utf8mb4
			COLLATE=utf8mb4_unicode_ci
2025-12-11 16:43:19,300 WARNING database DDL Query made to DB:
create table `tabCo-Lender Schedule` (
			name varchar(140) primary key,
			creation datetime(6),
			modified datetime(6),
			modified_by varchar(140),
			owner varchar(140),
			docstatus tinyint not null default '0',
			idx int not null default '0',
			`payment_date` date,
`number_of_days` int(11) NOT NULL DEFAULT 0,
`principal_amount` decimal(21,9) NOT NULL DEFAULT 0.0,
`interest_amount` decimal(21,9) NOT NULL DEFAULT 0.0,
`total_payment` decimal(21,9) NOT NULL DEFAULT 0.0,
`balance_loan_amount` decimal(21,9) NOT NULL DEFAULT 0.0,
index `payment_date`(`payment_date`),
parent varchar(140),
parentfield varchar(140),
parenttype varchar(140),
index parent(parent))
			ENGINE=InnoDB
			ROW_FORMAT=DYNAMIC
			CHARACTER SET=utf8mb4
			COLLATE=utf8mb4_unicode_ci
2025-12-11 16:43:19,348 WARNING database DDL Query made to DB:
create table `tabLoan Demand Offset Detail` (
			name varchar(140) primary key,
			creation datetime(6),
			modified datetime(6),
			modified_by varchar(140),
			owner varchar(140),
			docstatus tinyint not null default '0',
			idx int not null default '0',
			`demand_type` varchar(140),
parent varchar(140),
parentfield varchar(140),
parenttype varchar(140),
index parent(parent))
			ENGINE=InnoDB
			ROW_FORMAT=DYNAMIC
			CHARACTER SET=utf8mb4
			COLLATE=utf8mb4_unicode_ci
2025-12-11 16:43:19,411 WARNING database DDL Query made to DB:
create table `tabLoan Partner Address` (
			name varchar(140) primary key,
			creation datetime(6),
			modified datetime(6),
			modified_by varchar(140),
			owner varchar(140),
			docstatus tinyint not null default '0',
			idx int not null default '0',
			`address` varchar(140),
`primary` tinyint(4) NOT NULL DEFAULT 0,
parent varchar(140),
parentfield varchar(140),
parenttype varchar(140),
index parent(parent))
			ENGINE=InnoDB
			ROW_FORMAT=DYNAMIC
			CHARACTER SET=utf8mb4
			COLLATE=utf8mb4_unicode_ci
2025-12-11 16:43:19,492 WARNING database DDL Query made to DB:
create table `tabLoan Security Assignment` (
			name varchar(140) primary key,
			creation datetime(6),
			modified datetime(6),
			modified_by varchar(140),
			owner varchar(140),
			docstatus tinyint not null default '0',
			idx int not null default '0',
			`loan` varchar(140),
`loan_application` varchar(140),
`applicant_type` varchar(140),
`applicant` varchar(140),
`company` varchar(140),
`pledge_time` datetime(6),
`release_time` datetime(6),
`status` varchar(140) DEFAULT 'Pledge Requested',
`total_security_value` decimal(21,9) NOT NULL DEFAULT 0.0,
`maximum_loan_value` decimal(21,9) NOT NULL DEFAULT 0.0,
`reference_no` varchar(140),
`description` text,
`amended_from` varchar(140),
`_user_tags` text,
`_comments` text,
`_assign` text,
`_liked_by` text,
index `loan`(`loan`),
index creation(creation),
index modified(modified))
			ENGINE=InnoDB
			ROW_FORMAT=DYNAMIC
			CHARACTER SET=utf8mb4
			COLLATE=utf8mb4_unicode_ci
2025-12-11 16:43:19,575 WARNING database DDL Query made to DB:
create table `tabProcess Loan Demand` (
			name varchar(140) primary key,
			creation datetime(6),
			modified datetime(6),
			modified_by varchar(140),
			owner varchar(140),
			docstatus tinyint not null default '0',
			idx int not null default '0',
			`posting_date` date,
`amended_from` varchar(140),
`loan_product` varchar(140),
`loan` varchar(140),
`loan_disbursement` varchar(140),
`_user_tags` text,
`_comments` text,
`_assign` text,
`_liked_by` text,
index `amended_from`(`amended_from`),
index creation(creation),
index modified(modified))
			ENGINE=InnoDB
			ROW_FORMAT=DYNAMIC
			CHARACTER SET=utf8mb4
			COLLATE=utf8mb4_unicode_ci
2025-12-11 16:43:19,645 WARNING database DDL Query made to DB:
create table `tabPledge` (
			name varchar(140) primary key,
			creation datetime(6),
			modified datetime(6),
			modified_by varchar(140),
			owner varchar(140),
			docstatus tinyint not null default '0',
			idx int not null default '0',
			`loan_security` varchar(140),
`loan_security_name` varchar(140),
`loan_security_type` varchar(140),
`loan_security_code` varchar(140),
`qty` decimal(21,9) NOT NULL DEFAULT 0.0,
`haircut` decimal(21,9) NOT NULL DEFAULT 0.0,
`loan_security_price` decimal(21,9) NOT NULL DEFAULT 0.0,
`amount` decimal(21,9) NOT NULL DEFAULT 0.0,
`post_haircut_amount` decimal(21,9) NOT NULL DEFAULT 0.0,
parent varchar(140),
parentfield varchar(140),
parenttype varchar(140),
index parent(parent))
			ENGINE=InnoDB
			ROW_FORMAT=DYNAMIC
			CHARACTER SET=utf8mb4
			COLLATE=utf8mb4_unicode_ci
2025-12-11 16:43:19,767 WARNING database DDL Query made to DB:
create table `tabLoan Repayment` (
			name varchar(140) primary key,
			creation datetime(6),
			modified datetime(6),
			modified_by varchar(140),
			owner varchar(140),
			docstatus tinyint not null default '0',
			idx int not null default '0',
			`against_loan` varchar(140),
`applicant` varchar(140),
`repayment_type` varchar(140) DEFAULT 'Normal Repayment',
`loan_disbursement` varchar(140),
`loan_adjustment` varchar(140),
`repayment_schedule_type` varchar(140),
`applicant_type` varchar(140),
`loan_product` varchar(140),
`bulk_repayment_log` varchar(140),
`company` varchar(140),
`posting_date` datetime(6),
`value_date` datetime(6),
`loan_restructure` varchar(140),
`clearance_date` date,
`rate_of_interest` decimal(21,9) NOT NULL DEFAULT 0.0,
`days_past_due` int(11) NOT NULL DEFAULT 0,
`mode_of_payment` varchar(140),
`is_term_loan` tinyint(4) NOT NULL DEFAULT 0,
`is_npa` tinyint(4) NOT NULL DEFAULT 0,
`is_write_off_waiver` tinyint(4) NOT NULL DEFAULT 0,
`is_backdated` tinyint(4) NOT NULL DEFAULT 0,
`due_date` date,
`pending_principal_amount` decimal(21,9) NOT NULL DEFAULT 0.0,
`interest_payable` decimal(21,9) NOT NULL DEFAULT 0.0,
`payable_amount` decimal(21,9) NOT NULL DEFAULT 0.0,
`total_charges_payable` decimal(21,9) NOT NULL DEFAULT 0.0,
`shortfall_amount` decimal(21,9) NOT NULL DEFAULT 0.0,
`payable_principal_amount` decimal(21,9) NOT NULL DEFAULT 0.0,
`penalty_amount` decimal(21,9) NOT NULL DEFAULT 0.0,
`amount_paid` decimal(21,9) NOT NULL DEFAULT 0.0,
`reference_number` varchar(140),
`total_interest_paid` decimal(21,9) NOT NULL DEFAULT 0.0,
`total_penalty_paid` decimal(21,9) NOT NULL DEFAULT 0.0,
`unbooked_interest_paid` decimal(21,9) NOT NULL DEFAULT 0.0,
`unbooked_penalty_paid` decimal(21,9) NOT NULL DEFAULT 0.0,
`reference_date` date,
`principal_amount_paid` decimal(21,9) NOT NULL DEFAULT 0.0,
`total_charges_paid` decimal(21,9) NOT NULL DEFAULT 0.0,
`excess_amount` decimal(21,9) NOT NULL DEFAULT 0.0,
`manual_remarks` text,
`amended_from` varchar(140),
`cost_center` varchar(140),
`loan_partner` varchar(140),
`payment_account` varchar(140),
`penalty_income_account` varchar(140),
`loan_account` varchar(140),
`bank_account` varchar(140),
`total_partner_interest_share` decimal(21,9) NOT NULL DEFAULT 0.0,
`total_partner_principal_share` decimal(21,9) NOT NULL DEFAULT 0.0,
`loan_partner_interest_rate` decimal(21,9) NOT NULL DEFAULT 0.0,
`loan_partner_payment_ratio` decimal(21,9) NOT NULL DEFAULT 0.0,
`loan_partner_share_percentage` decimal(21,9) NOT NULL DEFAULT 0.0,
`loan_partner_repayment_schedule_type` varchar(140),
`_user_tags` text,
`_comments` text,
`_assign` text,
`_liked_by` text,
index `against_loan`(`against_loan`),
index `loan_disbursement`(`loan_disbursement`),
index `loan_adjustment`(`loan_adjustment`),
index `applicant_type`(`applicant_type`),
index `loan_restructure`(`loan_restructure`),
index creation(creation),
index modified(modified))
			ENGINE=InnoDB
			ROW_FORMAT=DYNAMIC
			CHARACTER SET=utf8mb4
			COLLATE=utf8mb4_unicode_ci
2025-12-11 16:43:19,832 WARNING database DDL Query made to DB:
create table `tabLoan Freeze Log` (
			name varchar(140) primary key,
			creation datetime(6),
			modified datetime(6),
			modified_by varchar(140),
			owner varchar(140),
			docstatus tinyint not null default '0',
			idx int not null default '0',
			`loan` varchar(140),
`freeze_date` date,
`unfreeze_date` date,
`reason_for_freezing` text,
`_user_tags` text,
`_comments` text,
`_assign` text,
`_liked_by` text,
index `loan`(`loan`),
index creation(creation),
index modified(modified))
			ENGINE=InnoDB
			ROW_FORMAT=DYNAMIC
			CHARACTER SET=utf8mb4
			COLLATE=utf8mb4_unicode_ci
2025-12-11 16:43:19,906 WARNING database DDL Query made to DB:
create table `tabLoan Write Off` (
			name varchar(140) primary key,
			creation datetime(6),
			modified datetime(6),
			modified_by varchar(140),
			owner varchar(140),
			docstatus tinyint not null default '0',
			idx int not null default '0',
			`loan` varchar(140),
`loan_disbursement` varchar(140),
`applicant_type` varchar(140),
`applicant` varchar(140),
`loan_product` varchar(140),
`company` varchar(140),
`posting_date` date,
`value_date` date,
`is_npa` tinyint(4) NOT NULL DEFAULT 0,
`is_settlement_write_off` tinyint(4) NOT NULL DEFAULT 0,
`cost_center` varchar(140),
`write_off_account` varchar(140),
`write_off_amount` decimal(21,9) NOT NULL DEFAULT 0.0,
`amended_from` varchar(140),
`_user_tags` text,
`_comments` text,
`_assign` text,
`_liked_by` text,
index `loan`(`loan`),
index creation(creation),
index modified(modified))
			ENGINE=InnoDB
			ROW_FORMAT=DYNAMIC
			CHARACTER SET=utf8mb4
			COLLATE=utf8mb4_unicode_ci
2025-12-11 16:43:20,042 WARNING database DDL Query made to DB:
create table `tabProcess Loan Security Shortfall` (
			name varchar(140) primary key,
			creation datetime(6),
			modified datetime(6),
			modified_by varchar(140),
			owner varchar(140),
			docstatus tinyint not null default '0',
			idx int not null default '0',
			`update_time` datetime(6),
`amended_from` varchar(140),
`_user_tags` text,
`_comments` text,
`_assign` text,
`_liked_by` text,
index creation(creation),
index modified(modified))
			ENGINE=InnoDB
			ROW_FORMAT=DYNAMIC
			CHARACTER SET=utf8mb4
			COLLATE=utf8mb4_unicode_ci
2025-12-11 16:43:20,099 WARNING database DDL Query made to DB:
create table `tabLoan Classification` (
			name varchar(140) primary key,
			creation datetime(6),
			modified datetime(6),
			modified_by varchar(140),
			owner varchar(140),
			docstatus tinyint not null default '0',
			idx int not null default '0',
			`classification_code` varchar(140) UNIQUE,
`classification_name` varchar(140),
`_user_tags` text,
`_comments` text,
`_assign` text,
`_liked_by` text,
index creation(creation),
index modified(modified))
			ENGINE=InnoDB
			ROW_FORMAT=DYNAMIC
			CHARACTER SET=utf8mb4
			COLLATE=utf8mb4_unicode_ci
2025-12-11 16:43:20,176 WARNING database DDL Query made to DB:
create table `tabLoan Security Type` (
			name varchar(140) primary key,
			creation datetime(6),
			modified datetime(6),
			modified_by varchar(140),
			owner varchar(140),
			docstatus tinyint not null default '0',
			idx int not null default '0',
			`loan_security_type` varchar(140) UNIQUE,
`haircut` decimal(21,9) NOT NULL DEFAULT 0.0,
`loan_to_value_ratio` decimal(21,9) NOT NULL DEFAULT 0.0,
`disabled` tinyint(4) NOT NULL DEFAULT 0,
`_user_tags` text,
`_comments` text,
`_assign` text,
`_liked_by` text,
index creation(creation),
index modified(modified))
			ENGINE=InnoDB
			ROW_FORMAT=DYNAMIC
			CHARACTER SET=utf8mb4
			COLLATE=utf8mb4_unicode_ci
2025-12-11 16:43:20,253 WARNING database DDL Query made to DB:
create table `tabRepayment Schedule` (
			name varchar(140) primary key,
			creation datetime(6),
			modified datetime(6),
			modified_by varchar(140),
			owner varchar(140),
			docstatus tinyint not null default '0',
			idx int not null default '0',
			`payment_date` date,
`number_of_days` int(11) NOT NULL DEFAULT 0,
`principal_amount` decimal(21,9) NOT NULL DEFAULT 0.0,
`interest_amount` decimal(21,9) NOT NULL DEFAULT 0.0,
`total_payment` decimal(21,9) NOT NULL DEFAULT 0.0,
`balance_loan_amount` decimal(21,9) NOT NULL DEFAULT 0.0,
`demand_generated` tinyint(4) NOT NULL DEFAULT 0,
index `payment_date`(`payment_date`),
parent varchar(140),
parentfield varchar(140),
parenttype varchar(140),
index parent(parent))
			ENGINE=InnoDB
			ROW_FORMAT=DYNAMIC
			CHARACTER SET=utf8mb4
			COLLATE=utf8mb4_unicode_ci
2025-12-11 16:43:20,327 WARNING database DDL Query made to DB:
create table `tabLoan Repayment Detail` (
			name varchar(140) primary key,
			creation datetime(6),
			modified datetime(6),
			modified_by varchar(140),
			owner varchar(140),
			docstatus tinyint not null default '0',
			idx int not null default '0',
			`loan_demand` varchar(140),
`paid_amount` decimal(21,9) NOT NULL DEFAULT 0.0,
`demand_type` varchar(140),
`demand_subtype` varchar(140),
`sales_invoice` varchar(140),
`partner_share` decimal(21,9) NOT NULL DEFAULT 0.0,
index `loan_demand`(`loan_demand`),
index `sales_invoice`(`sales_invoice`),
parent varchar(140),
parentfield varchar(140),
parenttype varchar(140),
index parent(parent))
			ENGINE=InnoDB
			ROW_FORMAT=DYNAMIC
			CHARACTER SET=utf8mb4
			COLLATE=utf8mb4_unicode_ci
2025-12-11 16:43:20,394 WARNING database DDL Query made to DB:
create table `tabLoan Transfer Detail` (
			name varchar(140) primary key,
			creation datetime(6),
			modified datetime(6),
			modified_by varchar(140),
			owner varchar(140),
			docstatus tinyint not null default '0',
			idx int not null default '0',
			`loan` varchar(140),
parent varchar(140),
parentfield varchar(140),
parenttype varchar(140),
index parent(parent))
			ENGINE=InnoDB
			ROW_FORMAT=DYNAMIC
			CHARACTER SET=utf8mb4
			COLLATE=utf8mb4_unicode_ci
2025-12-11 16:43:20,457 WARNING database DDL Query made to DB:
create table `tabUnpledge` (
			name varchar(140) primary key,
			creation datetime(6),
			modified datetime(6),
			modified_by varchar(140),
			owner varchar(140),
			docstatus tinyint not null default '0',
			idx int not null default '0',
			`loan_security` varchar(140),
`loan_security_name` varchar(140),
`loan_security_type` varchar(140),
`loan_security_code` varchar(140),
`haircut` decimal(21,9) NOT NULL DEFAULT 0.0,
`qty` decimal(21,9) NOT NULL DEFAULT 0.0,
parent varchar(140),
parentfield varchar(140),
parenttype varchar(140),
index parent(parent))
			ENGINE=InnoDB
			ROW_FORMAT=DYNAMIC
			CHARACTER SET=utf8mb4
			COLLATE=utf8mb4_unicode_ci
2025-12-11 16:43:20,563 WARNING database DDL Query made to DB:
create table `tabLoan Restructure` (
			name varchar(140) primary key,
			creation datetime(6),
			modified datetime(6),
			modified_by varchar(140),
			owner varchar(140),
			docstatus tinyint not null default '0',
			idx int not null default '0',
			`loan` varchar(140),
`loan_disbursement` varchar(140),
`applicant_type` varchar(140),
`applicant` varchar(140),
`repayment_method` varchar(140),
`restructure_type` varchar(140),
`status` varchar(140),
`total_amount_paid` decimal(21,9) NOT NULL DEFAULT 0.0,
`total_principal_paid` decimal(21,9) NOT NULL DEFAULT 0.0,
`company` varchar(140),
`restructure_date` datetime(6),
`reason_for_restructure` text,
`old_repayment_frequency` varchar(140),
`moratorium_end_date` date,
`loan_product` varchar(140),
`old_tenure` int(11) NOT NULL DEFAULT 0,
`completed_tenure` int(11) NOT NULL DEFAULT 0,
`old_rate_of_interest` decimal(21,9) NOT NULL DEFAULT 0.0,
`old_loan_amount` decimal(21,9) NOT NULL DEFAULT 0.0,
`old_emi` decimal(21,9) NOT NULL DEFAULT 0.0,
`current_restructure_count` int(11) NOT NULL DEFAULT 0,
`pre_restructure_dpd` int(11) NOT NULL DEFAULT 0,
`disbursed_amount` decimal(21,9) NOT NULL DEFAULT 0.0,
`total_overdue_amount` decimal(21,9) NOT NULL DEFAULT 0.0,
`restructure_charges` decimal(21,9) NOT NULL DEFAULT 0.0,
`waive_off_restructure_charges` tinyint(4) NOT NULL DEFAULT 0,
`pending_principal_amount` decimal(21,9) NOT NULL DEFAULT 0.0,
`available_security_deposit` decimal(21,9) NOT NULL DEFAULT 0.0,
`principal_overdue` decimal(21,9) NOT NULL DEFAULT 0.0,
`principal_adjusted` decimal(21,9) NOT NULL DEFAULT 0.0,
`balance_principal` decimal(21,9) NOT NULL DEFAULT 0.0,
`interest_overdue` decimal(21,9) NOT NULL DEFAULT 0.0,
`unaccrued_interest` decimal(21,9) NOT NULL DEFAULT 0.0,
`penalty_overdue` decimal(21,9) NOT NULL DEFAULT 0.0,
`charges_overdue` decimal(21,9) NOT NULL DEFAULT 0.0,
`adjusted_interest_amount` decimal(21,9) NOT NULL DEFAULT 0.0,
`adjusted_unaccrued_interest` decimal(21,9) NOT NULL DEFAULT 0.0,
`interest_waiver_amount` decimal(21,9) NOT NULL DEFAULT 0.0,
`unaccrued_interest_waiver` decimal(21,9) NOT NULL DEFAULT 0.0,
`penal_interest_waiver` decimal(21,9) NOT NULL DEFAULT 0.0,
`other_charges_waiver` decimal(21,9) NOT NULL DEFAULT 0.0,
`balance_interest_amount` decimal(21,9) NOT NULL DEFAULT 0.0,
`balance_unaccrued_interest` decimal(21,9) NOT NULL DEFAULT 0.0,
`balance_penalty_amount` decimal(21,9) NOT NULL DEFAULT 0.0,
`balance_charges` decimal(21,9) NOT NULL DEFAULT 0.0,
`treatment_of_normal_interest` varchar(140) DEFAULT 'Add To First EMI',
`unaccrued_interest_treatment` varchar(140) DEFAULT 'Add To First EMI',
`treatment_of_penal_interest` varchar(140) DEFAULT 'Capitalize',
`treatment_of_other_charges` varchar(140) DEFAULT 'Capitalize',
`new_rate_of_interest` decimal(21,9) NOT NULL DEFAULT 0.0,
`repayment_start_date` date,
`loan_repayment` varchar(140),
`new_repayment_method` varchar(140),
`new_repayment_period_in_months` int(11) NOT NULL DEFAULT 0,
`new_monthly_repayment_amount` decimal(21,9) NOT NULL DEFAULT 0.0,
`new_loan_amount` decimal(21,9) NOT NULL DEFAULT 0.0,
`amended_from` varchar(140),
`_user_tags` text,
`_comments` text,
`_assign` text,
`_liked_by` text,
index `loan`(`loan`),
index `loan_repayment`(`loan_repayment`),
index creation(creation),
index modified(modified))
			ENGINE=InnoDB
			ROW_FORMAT=DYNAMIC
			CHARACTER SET=utf8mb4
			COLLATE=utf8mb4_unicode_ci
2025-12-11 16:43:20,621 WARNING database DDL Query made to DB:
create table `tabSanctioned Loan Amount` (
			name varchar(140) primary key,
			creation datetime(6),
			modified datetime(6),
			modified_by varchar(140),
			owner varchar(140),
			docstatus tinyint not null default '0',
			idx int not null default '0',
			`applicant_type` varchar(140),
`applicant` varchar(140),
`company` varchar(140),
`sanctioned_amount_limit` decimal(21,9) NOT NULL DEFAULT 0.0,
`_user_tags` text,
`_comments` text,
`_assign` text,
`_liked_by` text,
index creation(creation),
index modified(modified))
			ENGINE=InnoDB
			ROW_FORMAT=DYNAMIC
			CHARACTER SET=utf8mb4
			COLLATE=utf8mb4_unicode_ci
2025-12-11 16:43:20,724 WARNING database DDL Query made to DB:
create table `tabLoan Repayment Schedule` (
			name varchar(140) primary key,
			creation datetime(6),
			modified datetime(6),
			modified_by varchar(140),
			owner varchar(140),
			docstatus tinyint not null default '0',
			idx int not null default '0',
			`loan` varchar(140),
`loan_disbursement` varchar(140),
`loan_amount` decimal(21,9) NOT NULL DEFAULT 0.0,
`current_principal_amount` decimal(21,9) NOT NULL DEFAULT 0.0,
`rate_of_interest` decimal(21,9) NOT NULL DEFAULT 0.0,
`company` varchar(140),
`posting_date` datetime(6),
`repayment_frequency` varchar(140),
`repayment_start_date` date,
`maturity_date` date,
`total_installments_paid` int(11) NOT NULL DEFAULT 0,
`total_installments_raised` int(11) NOT NULL DEFAULT 0,
`total_installments_overdue` int(11) NOT NULL DEFAULT 0,
`loan_product` varchar(140),
`repayment_method` varchar(140),
`repayment_periods` int(11) NOT NULL DEFAULT 0,
`repayment_schedule_type` varchar(140),
`repayment_date_on` varchar(140),
`disbursed_amount` decimal(21,9) NOT NULL DEFAULT 0.0,
`monthly_repayment_amount` decimal(21,9) NOT NULL DEFAULT 0.0,
`partner_monthly_repayment_amount` decimal(21,9) NOT NULL DEFAULT 0.0,
`loan_restructure` varchar(140),
`restructure_type` varchar(140),
`broken_period_interest` decimal(21,9) NOT NULL DEFAULT 0.0,
`status` varchar(140),
`amended_from` varchar(140),
`moratorium_type` varchar(140),
`moratorium_tenure` int(11) NOT NULL DEFAULT 0,
`treatment_of_interest` varchar(140),
`moratorium_end_date` date,
`adjusted_interest` decimal(21,9) NOT NULL DEFAULT 0.0,
`broken_period_interest_days` int(11) NOT NULL DEFAULT 0,
`loan_partner` varchar(140),
`loan_partner_rate_of_interest` decimal(21,9) NOT NULL DEFAULT 0.0,
`partner_base_interest_rate` decimal(21,9) NOT NULL DEFAULT 0.0,
`partner_loan_share_percentage` decimal(21,9) NOT NULL DEFAULT 0.0,
`partner_repayment_schedule_type` varchar(140),
`_user_tags` text,
`_comments` text,
`_assign` text,
`_liked_by` text,
index `loan`(`loan`),
index `loan_disbursement`(`loan_disbursement`),
index `posting_date`(`posting_date`),
index `loan_restructure`(`loan_restructure`),
index creation(creation),
index modified(modified))
			ENGINE=InnoDB
			ROW_FORMAT=DYNAMIC
			CHARACTER SET=utf8mb4
			COLLATE=utf8mb4_unicode_ci
2025-12-11 16:43:20,787 WARNING database DDL Query made to DB:
create table `tabLoan Category` (
			name varchar(140) primary key,
			creation datetime(6),
			modified datetime(6),
			modified_by varchar(140),
			owner varchar(140),
			docstatus tinyint not null default '0',
			idx int not null default '0',
			`loan_category_code` varchar(140) UNIQUE,
`loan_category_name` varchar(140) UNIQUE,
`disabled` tinyint(4) NOT NULL DEFAULT 0,
`_user_tags` text,
`_comments` text,
`_assign` text,
`_liked_by` text,
index creation(creation),
index modified(modified))
			ENGINE=InnoDB
			ROW_FORMAT=DYNAMIC
			CHARACTER SET=utf8mb4
			COLLATE=utf8mb4_unicode_ci
2025-12-11 16:43:20,869 WARNING database DDL Query made to DB:
create table `tabDays Past Due Log` (
			name varchar(140) primary key,
			creation datetime(6),
			modified datetime(6),
			modified_by varchar(140),
			owner varchar(140),
			docstatus tinyint not null default '0',
			idx int not null default '0',
			`loan` varchar(140),
`loan_disbursement` varchar(140),
`posting_date` date,
`days_past_due` int(11) NOT NULL DEFAULT 0,
`process_loan_classification` varchar(140),
`_user_tags` text,
`_comments` text,
`_assign` text,
`_liked_by` text,
index `loan`(`loan`),
index `loan_disbursement`(`loan_disbursement`),
index `posting_date`(`posting_date`),
index creation(creation),
index modified(modified))
			ENGINE=InnoDB
			ROW_FORMAT=DYNAMIC
			CHARACTER SET=utf8mb4
			COLLATE=utf8mb4_unicode_ci
2025-12-11 16:43:21,038 WARNING database DDL Query made to DB:
create table `tabLoan IRAC Provisioning Configuration` (
			name varchar(140) primary key,
			creation datetime(6),
			modified datetime(6),
			modified_by varchar(140),
			owner varchar(140),
			docstatus tinyint not null default '0',
			idx int not null default '0',
			`classification_code` varchar(140),
`classification_name` varchar(140),
`security_type` varchar(140),
`provision_rate` decimal(21,9) NOT NULL DEFAULT 0.0,
parent varchar(140),
parentfield varchar(140),
parenttype varchar(140),
index parent(parent))
			ENGINE=InnoDB
			ROW_FORMAT=DYNAMIC
			CHARACTER SET=utf8mb4
			COLLATE=utf8mb4_unicode_ci
2025-12-11 16:43:21,091 WARNING database DDL Query made to DB:
create table `tabLoan Security` (
			name varchar(140) primary key,
			creation datetime(6),
			modified datetime(6),
			modified_by varchar(140),
			owner varchar(140),
			docstatus tinyint not null default '0',
			idx int not null default '0',
			`loan_security_code` varchar(140) UNIQUE,
`loan_security_name` varchar(140),
`haircut` decimal(21,9) NOT NULL DEFAULT 0.0,
`original_security_value` decimal(21,9) NOT NULL DEFAULT 0.0,
`utilized_security_value` decimal(21,9) NOT NULL DEFAULT 0.0,
`loan_security_type` varchar(140),
`available_security_value` decimal(21,9) NOT NULL DEFAULT 0.0,
`disabled` tinyint(4) NOT NULL DEFAULT 0,
`_user_tags` text,
`_comments` text,
`_assign` text,
`_liked_by` text,
index creation(creation),
index modified(modified))
			ENGINE=InnoDB
			ROW_FORMAT=DYNAMIC
			CHARACTER SET=utf8mb4
			COLLATE=utf8mb4_unicode_ci
2025-12-11 16:43:21,155 WARNING database DDL Query made to DB:
create table `tabLoan Product Loan Partner` (
			name varchar(140) primary key,
			creation datetime(6),
			modified datetime(6),
			modified_by varchar(140),
			owner varchar(140),
			docstatus tinyint not null default '0',
			idx int not null default '0',
			`loan_partner` varchar(140),
parent varchar(140),
parentfield varchar(140),
parenttype varchar(140),
index parent(parent))
			ENGINE=InnoDB
			ROW_FORMAT=DYNAMIC
			CHARACTER SET=utf8mb4
			COLLATE=utf8mb4_unicode_ci
2025-12-11 16:43:21,259 WARNING database DDL Query made to DB:
create table `tabLoan Interest Accrual` (
			name varchar(140) primary key,
			creation datetime(6),
			modified datetime(6),
			modified_by varchar(140),
			owner varchar(140),
			docstatus tinyint not null default '0',
			idx int not null default '0',
			`loan` varchar(140),
`rate_of_interest` decimal(21,9) NOT NULL DEFAULT 0.0,
`applicant_type` varchar(140),
`applicant` varchar(140),
`loan_product` varchar(140),
`company` varchar(140),
`start_date` datetime(6),
`posting_date` datetime(6),
`interest_type` varchar(140),
`is_term_loan` tinyint(4) NOT NULL DEFAULT 0,
`is_npa` tinyint(4) NOT NULL DEFAULT 0,
`unmark_npa` tinyint(4) NOT NULL DEFAULT 0,
`loan_disbursement` varchar(140),
`accrual_type` varchar(140),
`loan_repayment_schedule` varchar(140),
`accrual_date` date,
`base_amount` decimal(21,9) NOT NULL DEFAULT 0.0,
`additional_interest_amount` decimal(21,9) NOT NULL DEFAULT 0.0,
`last_accrual_date` date,
`interest_amount` decimal(21,9) NOT NULL DEFAULT 0.0,
`loan_demand` varchar(140),
`loan_repayment_schedule_detail` varchar(140),
`cost_center` varchar(140),
`process_loan_interest_accrual` varchar(140),
`amended_from` varchar(140),
`normal_interest_journal_entry` varchar(140),
`additional_interest_suspense_entry` varchar(140),
`_user_tags` text,
`_comments` text,
`_assign` text,
`_liked_by` text,
index `loan`(`loan`),
index `applicant_type`(`applicant_type`),
index `posting_date`(`posting_date`),
index `interest_type`(`interest_type`),
index `loan_disbursement`(`loan_disbursement`),
index `loan_repayment_schedule`(`loan_repayment_schedule`),
index `accrual_date`(`accrual_date`),
index `loan_demand`(`loan_demand`),
index `loan_repayment_schedule_detail`(`loan_repayment_schedule_detail`),
index creation(creation),
index modified(modified))
			ENGINE=InnoDB
			ROW_FORMAT=DYNAMIC
			CHARACTER SET=utf8mb4
			COLLATE=utf8mb4_unicode_ci
2025-12-11 16:43:21,327 WARNING database DDL Query made to DB:
ALTER TABLE `tabLoan Interest Accrual`
				ADD INDEX IF NOT EXISTS `loan_docstatus_interest_type_posting_date_index`(loan, docstatus, interest_type, posting_date)
2025-12-11 16:43:21,365 WARNING database DDL Query made to DB:
create table `tabLoan Demand Offset Order` (
			name varchar(140) primary key,
			creation datetime(6),
			modified datetime(6),
			modified_by varchar(140),
			owner varchar(140),
			docstatus tinyint not null default '0',
			idx int not null default '0',
			`title` varchar(140) UNIQUE,
`_user_tags` text,
`_comments` text,
`_assign` text,
`_liked_by` text,
index creation(creation),
index modified(modified))
			ENGINE=InnoDB
			ROW_FORMAT=DYNAMIC
			CHARACTER SET=utf8mb4
			COLLATE=utf8mb4_unicode_ci
2025-12-11 16:43:21,438 WARNING database DDL Query made to DB:
create table `tabBulk Repayment Log` (
			name varchar(140) primary key,
			creation datetime(6),
			modified datetime(6),
			modified_by varchar(140),
			owner varchar(140),
			docstatus tinyint not null default '0',
			idx int not null default '0',
			`amended_from` varchar(140),
`loan` varchar(140),
`loan_disbursement` varchar(140),
`trace_id` varchar(140),
`status` varchar(140),
`timestamp` datetime(6),
`failed_repayment` text,
`details` longtext,
`traceback` longtext,
`_user_tags` text,
`_comments` text,
`_assign` text,
`_liked_by` text,
index `amended_from`(`amended_from`),
index creation(creation))
			ENGINE=InnoDB
			ROW_FORMAT=DYNAMIC
			CHARACTER SET=utf8mb4
			COLLATE=utf8mb4_unicode_ci
2025-12-11 16:43:21,504 WARNING database DDL Query made to DB:
create table `tabLoan Adjustment Detail` (
			name varchar(140) primary key,
			creation datetime(6),
			modified datetime(6),
			modified_by varchar(140),
			owner varchar(140),
			docstatus tinyint not null default '0',
			idx int not null default '0',
			`loan_repayment_type` varchar(140),
`amount` decimal(21,9) NOT NULL DEFAULT 0.0,
parent varchar(140),
parentfield varchar(140),
parenttype varchar(140),
index parent(parent))
			ENGINE=InnoDB
			ROW_FORMAT=DYNAMIC
			CHARACTER SET=utf8mb4
			COLLATE=utf8mb4_unicode_ci
2025-12-11 16:43:21,572 WARNING database DDL Query made to DB:
create table `tabLoan Partner Shareable` (
			name varchar(140) primary key,
			creation datetime(6),
			modified datetime(6),
			modified_by varchar(140),
			owner varchar(140),
			docstatus tinyint not null default '0',
			idx int not null default '0',
			`shareable_type` varchar(140),
`sharing_parameter` varchar(140),
`partner_collection_percentage` decimal(21,9) NOT NULL DEFAULT 0.0,
`company_collection_percentage` decimal(21,9) NOT NULL DEFAULT 0.0,
`partner_loan_amount_percentage` decimal(21,9) NOT NULL DEFAULT 0.0,
`minimum_partner_loan_amount_percentage` decimal(21,9) NOT NULL DEFAULT 0.0,
parent varchar(140),
parentfield varchar(140),
parenttype varchar(140),
index parent(parent))
			ENGINE=InnoDB
			ROW_FORMAT=DYNAMIC
			CHARACTER SET=utf8mb4
			COLLATE=utf8mb4_unicode_ci
2025-12-11 16:43:21,665 WARNING database DDL Query made to DB:
create table `tabLoan Disbursement` (
			name varchar(140) primary key,
			creation datetime(6),
			modified datetime(6),
			modified_by varchar(140),
			owner varchar(140),
			docstatus tinyint not null default '0',
			idx int not null default '0',
			`against_loan` varchar(140),
`sanctioned_loan_amount` decimal(21,9) NOT NULL DEFAULT 0.0,
`current_disbursed_amount` decimal(21,9) NOT NULL DEFAULT 0.0,
`posting_date` date,
`applicant_type` varchar(140),
`loan_product` varchar(140),
`monthly_repayment_amount` decimal(21,9) NOT NULL DEFAULT 0.0,
`loan_partner` varchar(140),
`company` varchar(140),
`applicant` varchar(140),
`repayment_schedule_type` varchar(140),
`repayment_frequency` varchar(140),
`repayment_method` varchar(140),
`tenure` int(11) NOT NULL DEFAULT 0,
`repayment_start_date` date,
`is_term_loan` tinyint(4) NOT NULL DEFAULT 0,
`withhold_security_deposit` tinyint(4) NOT NULL DEFAULT 0,
`disbursement_date` date,
`clearance_date` date,
`bpi_difference_date` date,
`broken_period_interest_days` int(11) NOT NULL DEFAULT 0,
`disbursed_amount` decimal(21,9) NOT NULL DEFAULT 0.0,
`broken_period_interest` decimal(21,9) NOT NULL DEFAULT 0.0,
`bpi_amount_difference` decimal(21,9) NOT NULL DEFAULT 0.0,
`principal_amount_paid` decimal(21,9) NOT NULL DEFAULT 0.0,
`mode_of_payment` varchar(140),
`disbursement_account` varchar(140),
`refund_account` varchar(140),
`loan_account` varchar(140),
`bank_account` varchar(140),
`cost_center` varchar(140),
`reference_date` date,
`days_past_due` int(11) NOT NULL DEFAULT 0,
`status` varchar(140) DEFAULT 'Draft',
`reference_number` varchar(140),
`amended_from` varchar(140),
`_user_tags` text,
`_comments` text,
`_assign` text,
`_liked_by` text,
index `against_loan`(`against_loan`),
index `posting_date`(`posting_date`),
index `disbursement_date`(`disbursement_date`),
index creation(creation),
index modified(modified))
			ENGINE=InnoDB
			ROW_FORMAT=DYNAMIC
			CHARACTER SET=utf8mb4
			COLLATE=utf8mb4_unicode_ci
2025-12-11 16:43:21,728 WARNING database DDL Query made to DB:
create table `tabLoan Repayment Repost Cancel Detail` (
			name varchar(140) primary key,
			creation datetime(6),
			modified datetime(6),
			modified_by varchar(140),
			owner varchar(140),
			docstatus tinyint not null default '0',
			idx int not null default '0',
			`loan_repayment` varchar(140),
parent varchar(140),
parentfield varchar(140),
parenttype varchar(140),
index parent(parent))
			ENGINE=InnoDB
			ROW_FORMAT=DYNAMIC
			CHARACTER SET=utf8mb4
			COLLATE=utf8mb4_unicode_ci
2025-12-11 16:43:21,803 WARNING database DDL Query made to DB:
create table `tabLoan NPA Log` (
			name varchar(140) primary key,
			creation datetime(6),
			modified datetime(6),
			modified_by varchar(140),
			owner varchar(140),
			docstatus tinyint not null default '0',
			idx int not null default '0',
			`loan` varchar(140),
`npa` tinyint(4) NOT NULL DEFAULT 0,
`manual_npa` tinyint(4) NOT NULL DEFAULT 0,
`event` varchar(140),
`npa_date` date,
`delinked` tinyint(4) NOT NULL DEFAULT 0,
`_user_tags` text,
`_comments` text,
`_assign` text,
`_liked_by` text,
index `loan`(`loan`),
index creation(creation),
index modified(modified))
			ENGINE=InnoDB
			ROW_FORMAT=DYNAMIC
			CHARACTER SET=utf8mb4
			COLLATE=utf8mb4_unicode_ci
2025-12-11 16:43:21,861 WARNING database DDL Query made to DB:
create table `tabLoan Repayment Charges` (
			name varchar(140) primary key,
			creation datetime(6),
			modified datetime(6),
			modified_by varchar(140),
			owner varchar(140),
			docstatus tinyint not null default '0',
			idx int not null default '0',
			`charge_code` varchar(140),
`amount` decimal(21,9) NOT NULL DEFAULT 0.0,
parent varchar(140),
parentfield varchar(140),
parenttype varchar(140),
index parent(parent))
			ENGINE=InnoDB
			ROW_FORMAT=DYNAMIC
			CHARACTER SET=utf8mb4
			COLLATE=utf8mb4_unicode_ci
2025-12-11 16:43:21,943 WARNING database DDL Query made to DB:
create table `tabProcess Loan Interest Accrual` (
			name varchar(140) primary key,
			creation datetime(6),
			modified datetime(6),
			modified_by varchar(140),
			owner varchar(140),
			docstatus tinyint not null default '0',
			idx int not null default '0',
			`posting_date` date,
`company` varchar(140),
`loan_product` varchar(140),
`loan` varchar(140),
`loan_disbursement` varchar(140),
`accrual_type` varchar(140),
`amended_from` varchar(140),
`_user_tags` text,
`_comments` text,
`_assign` text,
`_liked_by` text,
index creation(creation),
index modified(modified))
			ENGINE=InnoDB
			ROW_FORMAT=DYNAMIC
			CHARACTER SET=utf8mb4
			COLLATE=utf8mb4_unicode_ci
2025-12-11 16:43:22,049 WARNING database DDL Query made to DB:
create table `tabLoan Partner` (
			name varchar(140) primary key,
			creation datetime(6),
			modified datetime(6),
			modified_by varchar(140),
			owner varchar(140),
			docstatus tinyint not null default '0',
			idx int not null default '0',
			`partner_code` varchar(140) UNIQUE,
`partner_name` varchar(140) UNIQUE,
`partner_loan_share_percentage` decimal(21,9) NOT NULL DEFAULT 0.0,
`partial_payment_mechanism` varchar(140),
`repayment_schedule_type` varchar(140),
`effective_date` date,
`partner_base_interest_rate` decimal(21,9) NOT NULL DEFAULT 0.0,
`enable_partner_accounting` tinyint(4) NOT NULL DEFAULT 0,
`organization_type` varchar(140),
`primary_address` varchar(140),
`fldg_trigger_dpd` int(11) NOT NULL DEFAULT 0,
`fldg_limit_calculation_component` varchar(140),
`type_of_fldg_applicable` varchar(140),
`fldg_fixed_deposit_percentage` decimal(21,9) NOT NULL DEFAULT 0.0,
`fldg_corporate_guarantee_percentage` decimal(21,9) NOT NULL DEFAULT 0.0,
`servicer_fee` tinyint(4) NOT NULL DEFAULT 0,
`restructure_of_loans_applicable` tinyint(4) NOT NULL DEFAULT 0,
`waiving_of_charges_applicable` tinyint(4) NOT NULL DEFAULT 0,
`receivable_account` varchar(140),
`payable_account` varchar(140),
`credit_account` varchar(140),
`fldg_account` varchar(140),
`partner_interest_share` varchar(140),
`_user_tags` text,
`_comments` text,
`_assign` text,
`_liked_by` text,
index creation(creation),
index modified(modified))
			ENGINE=InnoDB
			ROW_FORMAT=DYNAMIC
			CHARACTER SET=utf8mb4
			COLLATE=utf8mb4_unicode_ci
2025-12-11 16:43:22,144 WARNING database DDL Query made to DB:
create table `tabLoan Accrual Repost` (
			name varchar(140) primary key,
			creation datetime(6),
			modified datetime(6),
			modified_by varchar(140),
			owner varchar(140),
			docstatus tinyint not null default '0',
			idx int not null default '0',
			`from_date` date,
`amended_from` varchar(140),
`to_date` date,
`_user_tags` text,
`_comments` text,
`_assign` text,
`_liked_by` text,
index `amended_from`(`amended_from`),
index creation(creation))
			ENGINE=InnoDB
			ROW_FORMAT=DYNAMIC
			CHARACTER SET=utf8mb4
			COLLATE=utf8mb4_unicode_ci
2025-12-11 16:43:22,242 WARNING database DDL Query made to DB:
create table `tabLoan Transfer` (
			name varchar(140) primary key,
			creation datetime(6),
			modified datetime(6),
			modified_by varchar(140),
			owner varchar(140),
			docstatus tinyint not null default '0',
			idx int not null default '0',
			`applicant` varchar(140),
`company` varchar(140),
`transfer_date` date,
`from_branch` varchar(140),
`to_branch` varchar(140),
`amended_from` varchar(140),
`_user_tags` text,
`_comments` text,
`_assign` text,
`_liked_by` text,
index `amended_from`(`amended_from`),
index creation(creation),
index modified(modified))
			ENGINE=InnoDB
			ROW_FORMAT=DYNAMIC
			CHARACTER SET=utf8mb4
			COLLATE=utf8mb4_unicode_ci
2025-12-11 16:43:22,394 WARNING database DDL Query made to DB:
create table `tabLoan Application Document` (
			name varchar(140) primary key,
			creation datetime(6),
			modified datetime(6),
			modified_by varchar(140),
			owner varchar(140),
			docstatus tinyint not null default '0',
			idx int not null default '0',
			`file` text,
`document_type` varchar(140),
parent varchar(140),
parentfield varchar(140),
parenttype varchar(140),
index parent(parent))
			ENGINE=InnoDB
			ROW_FORMAT=DYNAMIC
			CHARACTER SET=utf8mb4
			COLLATE=utf8mb4_unicode_ci
2025-12-11 16:43:23,084 WARNING database DDL Query made to DB:
ALTER TABLE `tabItem Default` ADD COLUMN `default_receivable_account` varchar(140), ADD COLUMN `default_waiver_account` varchar(140), ADD COLUMN `default_write_off_account` varchar(140), ADD COLUMN `default_suspense_account` varchar(140)
2025-12-11 16:43:23,155 WARNING database DDL Query made to DB:
ALTER TABLE `tabCustomer` ADD COLUMN `is_npa` tinyint(4) NOT NULL DEFAULT 0
2025-12-11 16:43:23,255 WARNING database DDL Query made to DB:
ALTER TABLE `tabCompany` ADD COLUMN `loan_restructure_limit` decimal(21,9) NOT NULL DEFAULT 0.0, ADD COLUMN `watch_period_post_loan_restructure_in_days` int(11) NOT NULL DEFAULT 0, ADD COLUMN `interest_day_count_convention` varchar(140), ADD COLUMN `min_days_bw_disbursement_first_repayment` int(11) NOT NULL DEFAULT 0, ADD COLUMN `collection_offset_logic_based_on` varchar(140), ADD COLUMN `days_past_due_threshold` int(11) NOT NULL DEFAULT 0, ADD COLUMN `days_past_due_threshold_for_auto_write_off` int(11) NOT NULL DEFAULT 0, ADD COLUMN `collection_offset_sequence_for_sub_standard_asset` varchar(140), ADD COLUMN `collection_offset_sequence_for_standard_asset` varchar(140), ADD COLUMN `collection_offset_sequence_for_written_off_asset` varchar(140), ADD COLUMN `collection_offset_sequence_for_settlement_collection` varchar(140), ADD COLUMN `loan_accrual_frequency` varchar(140)
2025-12-11 16:43:23,374 WARNING database DDL Query made to DB:
ALTER TABLE `tabJournal Entry` ADD COLUMN `loan_transfer` varchar(140), ADD COLUMN `loan` varchar(140), ADD COLUMN `value_date` date
2025-12-11 16:43:23,413 WARNING database DDL Query made to DB:
ALTER TABLE `tabJournal Entry` ADD INDEX `loan_transfer_index`(`loan_transfer`), ADD INDEX `loan_index`(`loan`), ADD INDEX `value_date_index`(`value_date`)
2025-12-11 16:43:23,500 WARNING database DDL Query made to DB:
ALTER TABLE `tabGL Entry` ADD COLUMN `value_date` date
2025-12-11 16:43:23,540 WARNING database DDL Query made to DB:
ALTER TABLE `tabGL Entry` ADD INDEX `value_date_index`(`value_date`)
2025-12-11 16:43:23,637 WARNING database DDL Query made to DB:
ALTER TABLE `tabSales Invoice` ADD COLUMN `loan` varchar(140), ADD COLUMN `loan_disbursement` varchar(140), ADD COLUMN `loan_repayment` varchar(140), ADD COLUMN `value_date` date
2025-12-11 16:43:23,677 WARNING database DDL Query made to DB:
ALTER TABLE `tabSales Invoice` ADD INDEX `value_date_index`(`value_date`)
2025-12-11 16:43:24,401 WARNING database DDL Query made to DB:
ALTER TABLE `tabLoan Application` ADD COLUMN `workflow_state` varchar(140)
2025-12-11 19:46:39,902 WARNING database DDL Query made to DB:
ALTER TABLE `tabAddress` ADD COLUMN `tax_category` varchar(140), ADD COLUMN `is_your_company_address` tinyint(4) NOT NULL DEFAULT 0
2025-12-11 19:46:39,959 WARNING database DDL Query made to DB:
ALTER TABLE `tabContact` ADD COLUMN `is_billing_contact` tinyint(4) NOT NULL DEFAULT 0
